<?xml version="1.0" encoding="UTF-8"?>
<!-- Generated by org.testng.reporters.JUnitReportReporter -->
<testsuite skipped="0" hostname="LAPTOP-I51FBD39" name="loginModule.TS_04Test" tests="1" failures="0" timestamp="2021-09-14T10:01:19 IST" time="1.719" errors="0">
  <testcase name="Validate_the_user_login_with_the_invalid_email_and_password" time="1.719" classname="loginModule.TS_04Test"/>
  <system-out>
    <![CDATA[TS 04 is succesfull]]>
  </system-out>
</testsuite> <!-- loginModule.TS_04Test -->
