<?xml version="1.0" encoding="UTF-8"?>
<!-- Generated by org.testng.reporters.JUnitReportReporter -->
<testsuite skipped="0" hostname="LAPTOP-I51FBD39" name="Acccept.TS_10Test" tests="1" failures="0" timestamp="2021-09-14T10:01:19 IST" time="13.266" errors="0">
  <testcase name="Validate_the_user_can_checkout_by_agreeing_the_terms_and_conditions" time="13.266" classname="Acccept.TS_10Test"/>
  <system-out>
    <![CDATA[TS 10 is succesfull]]>
  </system-out>
</testsuite> <!-- Acccept.TS_10Test -->
