<?xml version="1.0" encoding="UTF-8"?>
<!-- Generated by org.testng.reporters.JUnitReportReporter -->
<testsuite skipped="0" hostname="LAPTOP-I51FBD39" name="billingModule.TS_09Test" tests="1" failures="0" timestamp="2021-09-13T16:23:58 IST" time="8.160" errors="0">
  <testcase name="Validate_the_user_can_estimate_the_shipping_with_valid_destination" time="8.160" classname="billingModule.TS_09Test"/>
  <system-out/>
</testsuite> <!-- billingModule.TS_09Test -->
