<?xml version="1.0" encoding="UTF-8"?>
<!-- Generated by org.testng.reporters.JUnitReportReporter -->
<testsuite skipped="0" hostname="LAPTOP-I51FBD39" name="shoppingCart.TS_06Test" tests="1" failures="0" timestamp="2021-09-13T15:54:08 IST" time="4.918" errors="0">
  <testcase name="adding_Multiple_Product_To_Cart_and_Validating" time="4.918" classname="shoppingCart.TS_06Test"/>
  <system-out/>
</testsuite> <!-- shoppingCart.TS_06Test -->
