<?xml version="1.0" encoding="UTF-8"?>
<!-- Generated by org.testng.reporters.JUnitReportReporter -->
<testsuite skipped="0" hostname="LAPTOP-I51FBD39" name="shoppingCart.TS_08Test" tests="1" failures="0" timestamp="2021-09-13T16:52:52 IST" time="23.571" errors="0">
  <testcase name="removing_Multiple_Product_To_Cart_and_Validating" time="23.571" classname="shoppingCart.TS_08Test"/>
  <system-out/>
</testsuite> <!-- shoppingCart.TS_08Test -->
