<?xml version="1.0" encoding="UTF-8"?>
<!-- Generated by org.testng.reporters.JUnitReportReporter -->
<testsuite skipped="0" hostname="LAPTOP-I51FBD39" name="loginModule.TS_03Test" tests="1" failures="0" timestamp="2021-09-13T12:33:49 IST" time="1.432" errors="0">
  <testcase name="Validate_the_user_login_with_the_valid_email_and_password" time="1.432" classname="loginModule.TS_03Test"/>
  <system-out/>
</testsuite> <!-- loginModule.TS_03Test -->
