<?xml version="1.0" encoding="UTF-8"?>
<!-- Generated by org.testng.reporters.JUnitReportReporter -->
<testsuite skipped="0" hostname="LAPTOP-I51FBD39" name="Acccept.TS_10Test" tests="1" failures="0" timestamp="2021-09-13T16:25:32 IST" time="12.934" errors="0">
  <testcase name="Validate_the_user_can_estimate_the_shipping_with_valid_destination" time="12.934" classname="Acccept.TS_10Test"/>
  <system-out/>
</testsuite> <!-- Acccept.TS_10Test -->
