<?xml version="1.0" encoding="UTF-8"?>
<!-- Generated by org.testng.reporters.JUnitReportReporter -->
<testsuite skipped="0" hostname="LAPTOP-I51FBD39" name="registerModule.TS_02Test" tests="1" failures="0" timestamp="2021-09-14T10:01:19 IST" time="1.960" errors="0">
  <testcase name="Validate_the_user_registration_with_invalid_data" time="1.960" classname="registerModule.TS_02Test"/>
  <system-out>
    <![CDATA[TS 02 is succesfull]]>
  </system-out>
</testsuite> <!-- registerModule.TS_02Test -->
