<?xml version="1.0" encoding="UTF-8"?>
<!-- Generated by org.testng.reporters.JUnitReportReporter -->
<testsuite skipped="0" hostname="LAPTOP-I51FBD39" name="enquiry.TS_11Test" tests="1" failures="0" timestamp="2021-09-14T10:01:19 IST" time="2.910" errors="0">
  <testcase name="validate_the_user_can_contact_customer_care_for_enquiry" time="2.910" classname="enquiry.TS_11Test"/>
  <system-out>
    <![CDATA[TS 11 is succesfull]]>
  </system-out>
</testsuite> <!-- enquiry.TS_11Test -->
