<?xml version="1.0" encoding="UTF-8"?>
<!-- Generated by org.testng.reporters.JUnitReportReporter -->
<testsuite skipped="0" hostname="LAPTOP-I51FBD39" name="registerModule.TS_01Test" tests="1" failures="0" timestamp="2021-09-13T15:50:49 IST" time="1.832" errors="0">
  <testcase name="Validate_the_user_registration_with_valid_data" time="1.832" classname="registerModule.TS_01Test"/>
  <system-out/>
</testsuite> <!-- registerModule.TS_01Test -->
