<?xml version="1.0" encoding="UTF-8"?>
<!-- Generated by org.testng.reporters.JUnitReportReporter -->
<testsuite skipped="0" hostname="LAPTOP-I51FBD39" name="shoppingCart.TS_07Test" tests="1" failures="0" timestamp="2021-09-13T16:06:38 IST" time="7.707" errors="0">
  <testcase name="removing_Single_Product_To_Cart_and_Validating" time="7.707" classname="shoppingCart.TS_07Test"/>
  <system-out/>
</testsuite> <!-- shoppingCart.TS_07Test -->
