<?xml version="1.0" encoding="UTF-8"?>
<!-- Generated by org.testng.reporters.JUnitReportReporter -->
<testsuite skipped="0" hostname="LAPTOP-I51FBD39" name="shoppingCart.TS_05Test" tests="1" failures="0" timestamp="2021-09-14T10:28:36 IST" time="0.811" errors="0">
  <testcase name="adding_Single_Product_To_Cart_and_Validating" time="0.811" classname="shoppingCart.TS_05Test"/>
  <system-out>
    <![CDATA[TS 05 is succesfull]]>
  </system-out>
</testsuite> <!-- shoppingCart.TS_05Test -->
